<?xml version="1.0" encoding="UTF-8"?>
<testsuite name="com.fastcampus.sns.service.UserServiceTest" tests="5" skipped="0" failures="0" errors="0" timestamp="2024-02-09T15:59:43" hostname="leesinseongui-MacBookAir.local" time="0.101">
  <properties/>
  <testcase name="로그인이_정상적으로_동작하는_경우()" classname="com.fastcampus.sns.service.UserServiceTest" time="0.039"/>
  <testcase name="로그인시_userName으로_회원가입한_유저가_없는_경우()" classname="com.fastcampus.sns.service.UserServiceTest" time="0.004"/>
  <testcase name="회원가입이_정상적으로_동작하는_경우()" classname="com.fastcampus.sns.service.UserServiceTest" time="0.025"/>
  <testcase name="회원가입시_userName으로_회원가입한_유저가_이미_있는경우()" classname="com.fastcampus.sns.service.UserServiceTest" time="0.026"/>
  <testcase name="로그인시_패스워드가_틀린_경우()" classname="com.fastcampus.sns.service.UserServiceTest" time="0.004"/>
  <system-out><![CDATA[00:59:41.072 [Test worker] INFO org.springframework.test.context.support.AnnotationConfigContextLoaderUtils -- Could not detect default configuration classes for test class [com.fastcampus.sns.service.UserServiceTest]: UserServiceTest does not declare any static, non-private, non-final, nested classes annotated with @Configuration.
00:59:41.127 [Test worker] INFO org.springframework.boot.test.context.SpringBootTestContextBootstrapper -- Found @SpringBootConfiguration com.fastcampus.sns.SnsApplication for test class com.fastcampus.sns.service.UserServiceTest

  .   ____          _            __ _ _
 /\\ / ___'_ __ _ _(_)_ __  __ _ \ \ \ \
( ( )\___ | '_ | '_| | '_ \/ _` | \ \ \ \
 \\/  ___)| |_)| | | | | || (_| |  ) ) ) )
  '  |____| .__|_| |_|_| |_\__, | / / / /
 =========|_|==============|___/=/_/_/_/
 :: Spring Boot ::                (v3.2.2)

2024-02-10T00:59:41.308+09:00  INFO 43296 --- [    Test worker] c.f.sns.service.UserServiceTest          : Starting UserServiceTest using Java 17.0.9 with PID 43296 (started by leesinseong in /Users/leesinseong/Desktop/sns)
2024-02-10T00:59:41.309+09:00  INFO 43296 --- [    Test worker] c.f.sns.service.UserServiceTest          : No active profile set, falling back to 1 default profile: "default"
2024-02-10T00:59:41.591+09:00  INFO 43296 --- [    Test worker] .s.d.r.c.RepositoryConfigurationDelegate : Bootstrapping Spring Data JPA repositories in DEFAULT mode.
2024-02-10T00:59:41.617+09:00  INFO 43296 --- [    Test worker] .s.d.r.c.RepositoryConfigurationDelegate : Finished Spring Data repository scanning in 22 ms. Found 1 JPA repository interface.
2024-02-10T00:59:42.395+09:00  INFO 43296 --- [    Test worker] o.hibernate.jpa.internal.util.LogHelper  : HHH000204: Processing PersistenceUnitInfo [name: default]
2024-02-10T00:59:42.425+09:00  INFO 43296 --- [    Test worker] org.hibernate.Version                    : HHH000412: Hibernate ORM core version 6.4.1.Final
2024-02-10T00:59:42.445+09:00  INFO 43296 --- [    Test worker] o.h.c.internal.RegionFactoryInitiator    : HHH000026: Second-level cache disabled
2024-02-10T00:59:42.501+09:00  INFO 43296 --- [    Test worker] o.s.o.j.p.SpringPersistenceUnitInfo      : No LoadTimeWeaver setup: ignoring JPA class transformer
2024-02-10T00:59:42.515+09:00  INFO 43296 --- [    Test worker] com.zaxxer.hikari.HikariDataSource       : HikariPool-1 - Starting...
2024-02-10T00:59:42.607+09:00  INFO 43296 --- [    Test worker] com.zaxxer.hikari.pool.HikariPool        : HikariPool-1 - Added connection conn0: url=jdbc:h2:mem:52fc49e4-fd58-467d-baed-595ca0af49ea user=SA
2024-02-10T00:59:42.608+09:00  INFO 43296 --- [    Test worker] com.zaxxer.hikari.HikariDataSource       : HikariPool-1 - Start completed.
2024-02-10T00:59:42.622+09:00  WARN 43296 --- [    Test worker] org.hibernate.dialect.Dialect            : HHH000511: The 2.2.0 version for [org.hibernate.dialect.PostgreSQLDialect] is no longer supported, hence certain features may not work properly. The minimum supported version is 12.0.0. Check the community dialects project for available legacy versions.
2024-02-10T00:59:42.625+09:00  WARN 43296 --- [    Test worker] org.hibernate.orm.deprecation            : HHH90000025: PostgreSQLDialect does not need to be specified explicitly using 'hibernate.dialect' (remove the property setting and it will be selected by default)
2024-02-10T00:59:42.951+09:00  INFO 43296 --- [    Test worker] o.h.e.t.j.p.i.JtaPlatformInitiator       : HHH000489: No JTA platform available (set 'hibernate.transaction.jta.platform' to enable JTA platform integration)
2024-02-10T00:59:42.977+09:00  INFO 43296 --- [    Test worker] j.LocalContainerEntityManagerFactoryBean : Initialized JPA EntityManagerFactory for persistence unit 'default'
2024-02-10T00:59:43.020+09:00  WARN 43296 --- [    Test worker] JpaBaseConfiguration$JpaWebConfiguration : spring.jpa.open-in-view is enabled by default. Therefore, database queries may be performed during view rendering. Explicitly configure spring.jpa.open-in-view to disable this warning
2024-02-10T00:59:43.034+09:00  WARN 43296 --- [    Test worker] .s.s.UserDetailsServiceAutoConfiguration : 

Using generated security password: 1012706f-feb2-4860-b66f-29ba9d458a07

This generated password is for development use only. Your security configuration must be updated before running your application in production.

2024-02-10T00:59:43.086+09:00  INFO 43296 --- [    Test worker] o.s.b.a.w.s.WelcomePageHandlerMapping    : Adding welcome page: class path resource [static/index.html]
2024-02-10T00:59:43.203+09:00  INFO 43296 --- [    Test worker] o.s.s.web.DefaultSecurityFilterChain     : Will secure any request with [org.springframework.security.web.session.DisableEncodeUrlFilter@24ea71d, org.springframework.security.web.context.request.async.WebAsyncManagerIntegrationFilter@76055d02, org.springframework.security.web.context.SecurityContextHolderFilter@78de0f6f, org.springframework.security.web.header.HeaderWriterFilter@5fdff4f1, org.springframework.web.filter.CorsFilter@31c800a5, org.springframework.security.web.authentication.logout.LogoutFilter@d0538b3, org.springframework.security.web.savedrequest.RequestCacheAwareFilter@16718e1b, org.springframework.security.web.servletapi.SecurityContextHolderAwareRequestFilter@7fb313e3, org.springframework.security.web.authentication.AnonymousAuthenticationFilter@130ad58d, org.springframework.security.web.access.ExceptionTranslationFilter@4e3bc13b, org.springframework.security.web.access.intercept.AuthorizationFilter@7ec729be]
2024-02-10T00:59:43.382+09:00  INFO 43296 --- [    Test worker] c.f.sns.service.UserServiceTest          : Started UserServiceTest in 2.19 seconds (process running for 2.698)
]]></system-out>
  <system-err><![CDATA[]]></system-err>
</testsuite>
