<?xml version="1.0" encoding="UTF-8"?>
<testsuite name="com.fastcampus.sns.SnsApplicationTests" tests="1" skipped="0" failures="0" errors="0" timestamp="2024-02-03T18:48:32" hostname="leesinseongui-MacBookAir.local" time="0.384">
  <properties/>
  <testcase name="contextLoads()" classname="com.fastcampus.sns.SnsApplicationTests" time="0.384"/>
  <system-out><![CDATA[03:48:31.383 [Test worker] INFO org.springframework.test.context.support.AnnotationConfigContextLoaderUtils -- Could not detect default configuration classes for test class [com.fastcampus.sns.SnsApplicationTests]: SnsApplicationTests does not declare any static, non-private, non-final, nested classes annotated with @Configuration.
03:48:31.426 [Test worker] INFO org.springframework.boot.test.context.SpringBootTestContextBootstrapper -- Found @SpringBootConfiguration com.fastcampus.sns.SnsApplication for test class com.fastcampus.sns.SnsApplicationTests

  .   ____          _            __ _ _
 /\\ / ___'_ __ _ _(_)_ __  __ _ \ \ \ \
( ( )\___ | '_ | '_| | '_ \/ _` | \ \ \ \
 \\/  ___)| |_)| | | | | || (_| |  ) ) ) )
  '  |____| .__|_| |_|_| |_\__, | / / / /
 =========|_|==============|___/=/_/_/_/
 :: Spring Boot ::                (v3.2.2)

2024-02-04T03:48:31.598+09:00  INFO 87300 --- [    Test worker] com.fastcampus.sns.SnsApplicationTests   : Starting SnsApplicationTests using Java 17.0.9 with PID 87300 (started by leesinseong in /Users/leesinseong/Desktop/sns)
2024-02-04T03:48:31.598+09:00  INFO 87300 --- [    Test worker] com.fastcampus.sns.SnsApplicationTests   : No active profile set, falling back to 1 default profile: "default"
2024-02-04T03:48:32.054+09:00  INFO 87300 --- [    Test worker] o.s.b.a.w.s.WelcomePageHandlerMapping    : Adding welcome page: class path resource [static/index.html]
2024-02-04T03:48:32.204+09:00  INFO 87300 --- [    Test worker] com.fastcampus.sns.SnsApplicationTests   : Started SnsApplicationTests in 0.7 seconds (process running for 1.198)
]]></system-out>
  <system-err><![CDATA[]]></system-err>
</testsuite>
